app/build/outputs/mapping/debug/seeds.txt
com.prasilabs.screenlocker.R$anim: int abc_fade_in
com.prasilabs.screenlocker.R$anim: int abc_fade_out
com.prasilabs.screenlocker.R$anim: int abc_grow_fade_in_from_bottom
com.prasilabs.screenlocker.R$anim: int abc_popup_enter
com.prasilabs.screenlocker.R$anim: int abc_popup_exit
com.prasilabs.screenlocker.R$anim: int abc_shrink_fade_out_from_bottom
com.prasilabs.screenlocker.R$anim: int abc_slide_in_bottom
com.prasilabs.screenlocker.R$anim: int abc_slide_in_top
com.prasilabs.screenlocker.R$anim: int abc_slide_out_bottom
com.prasilabs.screenlocker.R$anim: int abc_slide_out_top
com.prasilabs.screenlocker.R$attr: int actionBarDivider
com.prasilabs.screenlocker.R$attr: int actionBarItemBackground
com.prasilabs.screenlocker.R$attr: int actionBarPopupTheme
com.prasilabs.screenlocker.R$attr: int actionBarSize
com.prasilabs.screenlocker.R$attr: int actionBarSplitStyle
com.prasilabs.screenlocker.R$attr: int actionBarStyle
com.prasilabs.screenlocker.R$attr: int actionBarTabBarStyle
com.prasilabs.screenlocker.R$attr: int actionBarTabStyle
com.prasilabs.screenlocker.R$attr: int actionBarTabTextStyle
com.prasilabs.screenlocker.R$attr: int actionBarTheme
com.prasilabs.screenlocker.R$attr: int actionBarWidgetTheme
com.prasilabs.screenlocker.R$attr: int actionButtonStyle
com.prasilabs.screenlocker.R$attr: int actionDropDownStyle
com.prasilabs.screenlocker.R$attr: int actionLayout
com.prasilabs.screenlocker.R$attr: int actionMenuTextAppearance
com.prasilabs.screenlocker.R$attr: int actionMenuTextColor
com.prasilabs.screenlocker.R$attr: int actionModeBackground
com.prasilabs.screenlocker.R$attr: int actionModeCloseButtonStyle
com.prasilabs.screenlocker.R$attr: int actionModeCloseDrawable
com.prasilabs.screenlocker.R$attr: int actionModeCopyDrawable
com.prasilabs.screenlocker.R$attr: int actionModeCutDrawable
com.prasilabs.screenlocker.R$attr: int actionModeFindDrawable
com.prasilabs.screenlocker.R$attr: int actionModePasteDrawable
com.prasilabs.screenlocker.R$attr: int actionModePopupWindowStyle
com.prasilabs.screenlocker.R$attr: int actionModeSelectAllDrawable
com.prasilabs.screenlocker.R$bool: int abc_action_bar_embed_tabs
com.prasilabs.screenlocker.R$bool: int abc_action_bar_embed_tabs_pre_jb
com.prasilabs.screenlocker.R$bool: int abc_action_bar_expanded_action_views_exclusive
com.prasilabs.screenlocker.R$bool: int abc_config_actionMenuItemAllCaps
com.prasilabs.screenlocker.R$bool: int abc_config_allowActionMenuItemTextWithIcon
com.prasilabs.screenlocker.R$bool: int abc_config_closeDialogWhenTouchOutside
com.prasilabs.screenlocker.R$bool: int abc_config_showMenuShortcutsWhenKeyboardPresent
...
android.support.v4.widget.SlidingPaneLayout$SavedState: android.os.Parcelable$Creator CREATOR
android.support.v4.widget.Space
android.support.v4.widget.Space: Space(android.content.Context,android.util.AttributeSet,int)
android.support.v4.widget.Space: Space(android.content.Context,android.util.AttributeSet)
android.support.v4.widget.Space: Space(android.content.Context)
android.support.v4.widget.SwipeRefreshLayout: void setColorViewAlpha(int)
android.support.v4.widget.SwipeRefreshLayout: void setSize(int)
android.support.v4.widget.SwipeRefreshLayout: void setOnRefreshListener(android.support.v4.widget.SwipeRefreshLayout$OnRefreshListener)
android.support.v4.widget.SwipeRefreshLayout: void setRefreshing(boolean)
android.support.v4.widget.SwipeRefreshLayout: void setAnimationProgress(float)
android.support.v4.widget.SwipeRefreshLayout: void setProgressBackgroundColor(int)
android.support.v4.widget.SwipeRefreshLayout: void setProgressBackgroundColorSchemeResource(int)
android.support.v4.widget.SwipeRefreshLayout: void setProgressBackgroundColorSchemeColor(int)
android.support.v4.widget.SwipeRefreshLayout: void setColorScheme(int[])
android.support.v4.widget.SwipeRefreshLayout: void setColorSchemeResources(int[])
android.support.v4.widget.SwipeRefreshLayout: void setColorSchemeColors(int[])
android.support.v4.widget.SwipeRefreshLayout: void setDistanceToTriggerSync(int)
android.support.v4.widget.SwipeRefreshLayout: int getProgressCircleDiameter()
android.support.v4.widget.SwipeRefreshLayout: int getNestedScrollAxes()
android.support.v4.widget.SwipeRefreshLayout: void setNestedScrollingEnabled(boolean)
android.support.v7.app.AppCompatActivity: AppCompatActivity()
android.support.v7.app.AppCompatActivity: void setContentView(android.view.View)
android.support.v7.app.AppCompatDelegateImplV7$PanelFeatureState$SavedState: android.os.Parcelable$Creator CREATOR
android.support.v7.appcompat.R$anim: int abc_fade_in
android.support.v7.appcompat.R$anim: int abc_fade_out
android.support.v7.appcompat.R$anim: int abc_grow_fade_in_from_bottom
android.support.v7.appcompat.R$anim: int abc_popup_enter
android.support.v7.appcompat.R$anim: int abc_popup_exit
android.support.v7.appcompat.R$anim: int abc_shrink_fade_out_from_bottom
android.support.v7.appcompat.R$anim: int abc_slide_in_bottom
android.support.v7.appcompat.R$anim: int abc_slide_in_top
android.support.v7.appcompat.R$anim: int abc_slide_out_bottom
android.support.v7.appcompat.R$anim: int abc_slide_out_top
android.support.v7.appcompat.R$attr: int actionBarDivider
android.support.v7.appcompat.R$attr: int actionBarItemBackground
android.support.v7.appcompat.R$attr: int actionBarPopupTheme
android.support.v7.appcompat.R$attr: int actionBarSize
android.support.v7.appcompat.R$attr: int actionBarSplitStyle
android.support.v7.appcompat.R$attr: int actionBarStyle
android.support.v7.appcompat.R$attr: int actionBarTabBarStyle
android.support.v7.appcompat.R$attr: int actionBarTabStyle
android.support.v7.appcompat.R$attr: int actionBarTabTextStyle
android.support.v7.appcompat.R$attr: int actionBarTheme
android.support.v7.appcompat.R$attr: int actionBarWidgetTheme
android.support.v7.appcompat.R$attr: int actionButtonStyle
android.support.v7.appcompat.R$attr: int actionDropDownStyle
android.support.v7.appcompat.R$attr: int actionLayout
android.support.v7.appcompat.R$attr: int actionMenuTextAppearance
android.support.v7.appcompat.R$attr: int actionMenuTextColor
android.support.v7.appcompat.R$attr: int actionModeBackground
android.support.v7.appcompat.R$attr: int actionModeCloseButtonStyle
android.support.v7.appcompat.R$attr: int actionModeCloseDrawable
android.support.v7.appcompat.R$attr: int actionModeCopyDrawable
android.support.v7.appcompat.R$attr: int actionModeCutDrawable
android.support.v7.appcompat.R$attr: int actionModeFindDrawable
android.support.v7.appcompat.R$attr: int actionModePasteDrawable
android.support.v7.appcompat.R$attr: int actionModePopupWindowStyle