app/build/outputs/mapping/debug/mapping.txt
com.prasilabs.screenlocker.BuildConfig -> com.prasilabs.screenlocker.a:
    boolean DEBUG -> a
    void <clinit>() -> <clinit>
com.prasilabs.screenlocker.VApp -> com.prasilabs.screenlocker.VApp:
    android.app.admin.DevicePolicyManager devicePolicyManager -> a
    android.content.ComponentName mAdminName -> b
    boolean appDebug -> c
    com.prasilabs.screenlocker.VApp sInstance -> d
    void <init>() -> <init>
    void onCreate() -> onCreate
    void <clinit>() -> <clinit>
com.prasilabs.screenlocker.VApp$VAdmin -> com.prasilabs.screenlocker.VApp$VAdmin:
    void <init>() -> <init>
    void onEnabled(android.content.Context,android.content.Intent) -> onEnabled
    void onDisabled(android.content.Context,android.content.Intent) -> onDisabled
com.prasilabs.screenlocker.components.VDialog -> com.prasilabs.screenlocker.a.a:
    void showExperimentalDialog(android.content.Context) -> a
    void setThresoldBar(android.content.Context) -> b
com.prasilabs.screenlocker.components.VDialog$1 -> com.prasilabs.screenlocker.a.b:
    int seekValue -> a
    android.content.Context val$context -> b
    void <init>(android.content.Context) -> <init>
    void onProgressChanged(android.widget.SeekBar,int,boolean) -> onProgressChanged
    void onStartTrackingTouch(android.widget.SeekBar) -> onStartTrackingTouch
    void onStopTrackingTouch(android.widget.SeekBar) -> onStopTrackingTouch
com.prasilabs.screenlocker.constants.NotificationConstant -> com.prasilabs.screenlocker.b.a:
    int SCREEN_LOCK_NOTIFICATION -> a
    void <clinit>() -> <clinit>
com.prasilabs.screenlocker.notifications.ScreenLockNotification -> com.prasilabs.screenlocker.c.a:
    boolean manageNotification(android.content.Context) -> a
    void createNotification(android.content.Context) -> b
    void cancelNotification(android.content.Context) -> c
com.prasilabs.screenlocker.services.MediaButtonIntentReciever -> com.prasilabs.screenlocker.services.MediaButtonIntentReciever:
    java.lang.String TAG -> a
    long prevTime -> b
    android.os.PowerManager pm -> c
    boolean isSingleCall -> d
    void <init>() -> <init>
    void onReceive(android.content.Context,android.content.Intent) -> onReceive
    void lockScreenNow(android.content.Context) -> a
    boolean isScreenOn(android.os.PowerManager) -> a
    void <clinit>() -> <clinit>
com.prasilabs.screenlocker.services.ScreenLockService -> com.prasilabs.screenlocker.services.ScreenLockService:
    java.lang.String TAG -> a
    com.prasilabs.screenlocker.services.ScreenLockService screenLockService -> b
    android.media.MediaPlayer mediaPlayer -> c
    android.hardware.SensorManager sensorManager -> d
    void <init>() -> <init>
    void onCreate() -> onCreate
    int onStartCommand(android.content.Intent,int,int) -> onStartCommand
    android.os.IBinder onBind(android.content.Intent) -> onBind
    void onDestroy() -> onDestroy
    void stopMediaPlay() -> a
    void flushShakeListener() -> b
    void manageService(android.content.Context) -> a
    void stopService() -> c
    void onSensorChanged(android.hardware.SensorEvent) -> onSensorChanged
    void onAccuracyChanged(android.hardware.Sensor,int) -> onAccuracyChanged
    void <clinit>() -> <clinit>
com.prasilabs.screenlocker.utils.MyLogger -> com.prasilabs.screenlocker.d.a:
    void l(java.lang.String,java.lang.String) -> a
    void lw(java.lang.String,java.lang.String) -> b
    void e(java.lang.Exception) -> a
    void writeToFile(java.lang.String,java.lang.String) -> c
...
android.support.v7.app.AppCompatDelegateImplV23 -> android.support.v7.a.y:
    void <init>(android.content.Context,android.view.Window,android.support.v7.app.AppCompatCallback) -> <init>
    android.view.Window$Callback wrapWindowCallback(android.view.Window$Callback) -> a
android.support.v7.app.AppCompatDelegateImplV23$AppCompatWindowCallbackV23 -> android.support.v7.a.z:
    android.support.v7.app.AppCompatDelegateImplV23 this$0 -> c
    void <init>(android.support.v7.app.AppCompatDelegateImplV23,android.view.Window$Callback) -> <init>
    android.view.ActionMode onWindowStartingActionMode(android.view.ActionMode$Callback,int) -> onWindowStartingActionMode
    android.view.ActionMode onWindowStartingActionMode(android.view.ActionMode$Callback) -> onWindowStartingActionMode
android.support.v7.app.AppCompatDelegateImplV7 -> android.support.v7.a.aa:
    android.support.v7.internal.widget.DecorContentParent mDecorContentParent -> r
    android.support.v7.app.AppCompatDelegateImplV7$ActionMenuPresenterCallback mActionMenuPresenterCallback -> s
    android.support.v7.app.AppCompatDelegateImplV7$PanelMenuPresenterCallback mPanelMenuPresenterCallback -> t
    android.support.v7.view.ActionMode mActionMode -> m
    android.support.v7.internal.widget.ActionBarContextView mActionModeView -> n
    android.widget.PopupWindow mActionModePopup -> o
    java.lang.Runnable mShowActionModePopup -> p
    android.support.v4.view.ViewPropertyAnimatorCompat mFadeAnim -> q
    boolean mSubDecorInstalled -> u
    android.view.ViewGroup mWindowDecor -> v
    android.view.ViewGroup mSubDecor -> w
    android.widget.TextView mTitleView -> x
    android.view.View mStatusGuard -> y
    boolean mFeatureProgress -> z
    boolean mFeatureIndeterminateProgress -> A
    boolean mClosingActionMenu -> B
    android.support.v7.app.AppCompatDelegateImplV7$PanelFeatureState[] mPanels -> C
    android.support.v7.app.AppCompatDelegateImplV7$PanelFeatureState mPreparedPanel -> D
    boolean mInvalidatePanelMenuPosted -> E
    int mInvalidatePanelMenuFeatures -> F
    java.lang.Runnable mInvalidatePanelMenuRunnable -> G
    boolean mEnableDefaultActionBarUp -> H
    android.graphics.Rect mTempRect1 -> I
    android.graphics.Rect mTempRect2 -> J
android.support.v7.app.AppCompatDelegateImplV7$1 -> android.support.v7.a.ab:
    android.support.v7.app.AppCompatDelegateImplV7 this$0 -> a
    void <init>(android.support.v7.app.AppCompatDelegateImplV7) -> <init>
    void run() -> run
android.support.v7.app.AppCompatDelegateImplV7$2 -> android.support.v7.a.ac:
    android.support.v7.app.AppCompatDelegateImplV7 this$0 -> a
    void <init>(android.support.v7.app.AppCompatDelegateImplV7) -> <init>
    android.support.v4.view.WindowInsetsCompat onApplyWindowInsets(android.view.View,android.support.v4.view.WindowInsetsCompat) -> a
android.support.v7.app.AppCompatDelegateImplV7$3 -> android.support.v7.a.ad:
    android.support.v7.app.AppCompatDelegateImplV7 this$0 -> a
    void <init>(android.support.v7.app.AppCompatDelegateImplV7) -> <init>
    void onFitSystemWindows(android.graphics.Rect) -> a
android.support.v7.app.AppCompatDelegateImplV7$4 -> android.support.v7.a.ae:
    android.support.v7.app.AppCompatDelegateImplV7 this$0 -> a
    void <init>(android.support.v7.app.AppCompatDelegateImplV7) -> <init>
    void run() -> run
android.support.v7.app.AppCompatDelegateImplV7$4$1 -> android.support.v7.a.af:
    android.support.v7.app.AppCompatDelegateImplV7$4 this$1 -> a
    void <init>(android.support.v7.app.AppCompatDelegateImplV7$4) -> <init>
    void onAnimationEnd(android.view.View) -> b
    void onAnimationStart(android.view.View) -> a
android.support.v7.app.AppCompatDelegateImplV7$5 -> android.support.v7.a.ag:
    android.support.v7.app.AppCompatDelegateImplV7 this$0 -> a
    void <init>(android.support.v7.app.AppCompatDelegateImplV7) -> <init>
    void onAnimationEnd(android.view.View) -> b
    void onAnimationStart(android.view.View) -> a