app/build/outputs/mapping/debug/usage.txt
com.prasilabs.screenlocker.BuildConfig:
    public static final java.lang.String APPLICATION_ID
    public static final java.lang.String BUILD_TYPE
    public static final java.lang.String FLAVOR
    public static final int VERSION_CODE
    public static final java.lang.String VERSION_NAME
    6:6:public BuildConfig()
com.prasilabs.screenlocker.R
com.prasilabs.screenlocker.R$anim
com.prasilabs.screenlocker.R$attr
com.prasilabs.screenlocker.R$bool
com.prasilabs.screenlocker.R$color
com.prasilabs.screenlocker.R$dimen
com.prasilabs.screenlocker.R$drawable
com.prasilabs.screenlocker.R$id
com.prasilabs.screenlocker.R$integer
com.prasilabs.screenlocker.R$layout
com.prasilabs.screenlocker.R$menu
com.prasilabs.screenlocker.R$mipmap
com.prasilabs.screenlocker.R$raw
com.prasilabs.screenlocker.R$string
com.prasilabs.screenlocker.R$style
com.prasilabs.screenlocker.R$styleable
com.prasilabs.screenlocker.R$xml
com.prasilabs.screenlocker.VApp:
    25:25:public static com.prasilabs.screenlocker.VApp getsInstance()
    29:29:public static android.content.Context getAppContext()
com.prasilabs.screenlocker.components.VDialog:
    16:16:public VDialog()
com.prasilabs.screenlocker.constants.Constant
com.prasilabs.screenlocker.constants.IntentConstant
com.prasilabs.screenlocker.constants.KeyConstant
com.prasilabs.screenlocker.constants.NotificationConstant:
    7:7:public NotificationConstant()
com.prasilabs.screenlocker.constants.RequestFor
com.prasilabs.screenlocker.notifications.ScreenLockNotification:
    21:21:public ScreenLockNotification()
com.prasilabs.screenlocker.utils.MyLogger:
    21:21:public MyLogger()
com.prasilabs.screenlocker.utils.PhoneData:
    60:61:public static void savePhoneData(android.content.Context,java.lang.String,long)
    78:85:public static long getPhoneData(android.content.Context,java.lang.String,long)
com.prasilabs.screenlocker.utils.ShareUtil:
    11:11:public ShareUtil()
com.prasilabs.screenlocker.utils.VUtil:
    91:92:public static void openDeviceManagerEnableAction(android.app.Activity)
com.prasilabs.screenlocker.utils.WindowManagerUtil:
    private static final int MAX_CLICK_DURATION
...
android.support.v4.widget.MaterialProgressDrawable$3
android.support.v4.widget.MaterialProgressDrawable$ProgressDrawableSize
android.support.v4.widget.MaterialProgressDrawable$Ring
android.support.v4.widget.NestedScrollView
android.support.v4.widget.NestedScrollView$AccessibilityDelegate
android.support.v4.widget.NestedScrollView$SavedState
android.support.v4.widget.NestedScrollView$SavedState$1
android.support.v4.widget.PopupMenuCompat
android.support.v4.widget.PopupMenuCompat$BasePopupMenuImpl
android.support.v4.widget.PopupMenuCompat$KitKatPopupMenuImpl
android.support.v4.widget.PopupMenuCompat$PopupMenuImpl
android.support.v4.widget.PopupMenuCompatKitKat
android.support.v4.widget.PopupWindowCompat:
    149:151:private PopupWindowCompat()
    191:191:public static boolean getOverlapAnchor(android.widget.PopupWindow)
    213:213:public static int getWindowLayoutType(android.widget.PopupWindow)
android.support.v4.widget.PopupWindowCompat$Api21PopupWindowImpl:
    104:104:public boolean getOverlapAnchor(android.widget.PopupWindow)
android.support.v4.widget.PopupWindowCompat$Api23PopupWindowImpl:
    116:116:public boolean getOverlapAnchor(android.widget.PopupWindow)
    126:126:public int getWindowLayoutType(android.widget.PopupWindow)
android.support.v4.widget.PopupWindowCompat$BasePopupWindowImpl:
    56:56:public boolean getOverlapAnchor(android.widget.PopupWindow)
    66:66:public int getWindowLayoutType(android.widget.PopupWindow)
android.support.v4.widget.PopupWindowCompat$GingerbreadPopupWindowImpl:
    81:81:public int getWindowLayoutType(android.widget.PopupWindow)
android.support.v4.widget.PopupWindowCompat$PopupWindowImpl:
    public abstract boolean getOverlapAnchor(android.widget.PopupWindow)
    public abstract int getWindowLayoutType(android.widget.PopupWindow)
android.support.v4.widget.PopupWindowCompatApi21:
    private static final java.lang.String TAG
    24:24:PopupWindowCompatApi21()
    50:57:static boolean getOverlapAnchor(android.widget.PopupWindow)
android.support.v4.widget.PopupWindowCompatApi23:
    21:21:PopupWindowCompatApi23()
    28:28:static boolean getOverlapAnchor(android.widget.PopupWindow)
    36:36:static int getWindowLayoutType(android.widget.PopupWindow)
android.support.v4.widget.PopupWindowCompatGingerbread:
    private static java.lang.reflect.Method sGetWindowLayoutTypeMethod
    private static boolean sGetWindowLayoutTypeMethodAttempted
    26:26:PopupWindowCompatGingerbread()
    55:73:static int getWindowLayoutType(android.widget.PopupWindow)
android.support.v4.widget.PopupWindowCompatKitKat:
    27:27:PopupWindowCompatKitKat()
android.support.v4.widget.ResourceCursorAdapter:
    54:57:public ResourceCursorAdapter(android.content.Context,int,android.database.Cursor)
    93:96:public ResourceCursorAdapter(android.content.Context,int,android.database.Cursor,int)
    120:121:public void setViewResource(int)
    129:130:public void setDropDownViewResource(int)
android.support.v4.widget.ScrollerCompat:
    private static final java.lang.String TAG
    static final int CHASE_FRAME_TIME
    279:279:public boolean isFinished()
    288:288:public int getCurrX()
    297:297:public int getCurrY()
    304:304:public int getFinalX()
    325:325:public float getCurrVelocity()
    334:334:public boolean computeScrollOffset()
    352:353:public void startScroll(int,int,int,int)
    369:370:public void startScroll(int,int,int,int,int)
    421:423:public void fling(int,int,int,int,int,int,int,int,int,int)
    430:431:public void abortAnimation()
    448:449:public void notifyHorizontalEdgeReached(int,int,int)
    465:466:public void notifyVerticalEdgeReached(int,int,int)
    482:482:public boolean isOverScrolled()